CRITICAL - 2020-11-01 20:44:39 --> Unable to connect to the database.
#0 D:\xampp\htdocs\mitienda\system\Database\BaseConnection.php(646): CodeIgniter\Database\BaseConnection->initialize()
#1 D:\xampp\htdocs\mitienda\system\Database\BaseBuilder.php(1860): CodeIgniter\Database\BaseConnection->query('SELECT *\nFROM `...', Array, false)
#2 D:\xampp\htdocs\mitienda\system\Model.php(462): CodeIgniter\Database\BaseBuilder->get()
#3 D:\xampp\htdocs\mitienda\app\Controllers\Unidades.php(17): CodeIgniter\Model->findAll()
#4 D:\xampp\htdocs\mitienda\system\CodeIgniter.php(918): App\Controllers\Unidades->index()
#5 D:\xampp\htdocs\mitienda\system\CodeIgniter.php(404): CodeIgniter\CodeIgniter->runController(Object(App\Controllers\Unidades))
#6 D:\xampp\htdocs\mitienda\system\CodeIgniter.php(312): CodeIgniter\CodeIgniter->handleRequest(NULL, Object(Config\Cache), false)
#7 D:\xampp\htdocs\mitienda\public\index.php(45): CodeIgniter\CodeIgniter->run()
#8 {main}
CRITICAL - 2020-11-01 20:45:54 --> Unable to connect to the database.
#0 D:\xampp\htdocs\mitienda\system\Database\BaseConnection.php(646): CodeIgniter\Database\BaseConnection->initialize()
#1 D:\xampp\htdocs\mitienda\system\Database\BaseBuilder.php(1860): CodeIgniter\Database\BaseConnection->query('SELECT *\nFROM `...', Array, false)
#2 D:\xampp\htdocs\mitienda\system\Model.php(462): CodeIgniter\Database\BaseBuilder->get()
#3 D:\xampp\htdocs\mitienda\app\Controllers\Unidades.php(17): CodeIgniter\Model->findAll()
#4 D:\xampp\htdocs\mitienda\system\CodeIgniter.php(918): App\Controllers\Unidades->index()
#5 D:\xampp\htdocs\mitienda\system\CodeIgniter.php(404): CodeIgniter\CodeIgniter->runController(Object(App\Controllers\Unidades))
#6 D:\xampp\htdocs\mitienda\system\CodeIgniter.php(312): CodeIgniter\CodeIgniter->handleRequest(NULL, Object(Config\Cache), false)
#7 D:\xampp\htdocs\mitienda\public\index.php(45): CodeIgniter\CodeIgniter->run()
#8 {main}
CRITICAL - 2020-11-01 20:45:55 --> Unable to connect to the database.
#0 D:\xampp\htdocs\mitienda\system\Database\BaseConnection.php(646): CodeIgniter\Database\BaseConnection->initialize()
#1 D:\xampp\htdocs\mitienda\system\Database\BaseBuilder.php(1860): CodeIgniter\Database\BaseConnection->query('SELECT *\nFROM `...', Array, false)
#2 D:\xampp\htdocs\mitienda\system\Model.php(462): CodeIgniter\Database\BaseBuilder->get()
#3 D:\xampp\htdocs\mitienda\app\Controllers\Unidades.php(17): CodeIgniter\Model->findAll()
#4 D:\xampp\htdocs\mitienda\system\CodeIgniter.php(918): App\Controllers\Unidades->index()
#5 D:\xampp\htdocs\mitienda\system\CodeIgniter.php(404): CodeIgniter\CodeIgniter->runController(Object(App\Controllers\Unidades))
#6 D:\xampp\htdocs\mitienda\system\CodeIgniter.php(312): CodeIgniter\CodeIgniter->handleRequest(NULL, Object(Config\Cache), false)
#7 D:\xampp\htdocs\mitienda\public\index.php(45): CodeIgniter\CodeIgniter->run()
#8 {main}
