CRITICAL - 2020-10-19 18:04:19 --> Use of undefined constant nombre - assumed 'nombre' (this will throw an Error in a future version of PHP)
#0 D:\xampp\htdocs\mitienda\app\Views\unidades\unidades.php(33): CodeIgniter\Debug\Exceptions->errorHandler(2, 'Use of undefine...', 'D:\\xampp\\htdocs...', 33, Array)
#1 D:\xampp\htdocs\mitienda\system\View\View.php(246): include('D:\\xampp\\htdocs...')
#2 D:\xampp\htdocs\mitienda\system\Common.php(1119): CodeIgniter\View\View->render('unidades/unidad...', Array, true)
#3 D:\xampp\htdocs\mitienda\app\Controllers\Unidades.php(23): view('unidades/unidad...', Array)
#4 D:\xampp\htdocs\mitienda\system\CodeIgniter.php(918): App\Controllers\Unidades->index()
#5 D:\xampp\htdocs\mitienda\system\CodeIgniter.php(404): CodeIgniter\CodeIgniter->runController(Object(App\Controllers\Unidades))
#6 D:\xampp\htdocs\mitienda\system\CodeIgniter.php(312): CodeIgniter\CodeIgniter->handleRequest(NULL, Object(Config\Cache), false)
#7 D:\xampp\htdocs\mitienda\public\index.php(45): CodeIgniter\CodeIgniter->run()
#8 {main}
CRITICAL - 2020-10-19 18:04:31 --> Use of undefined constant nombre - assumed 'nombre' (this will throw an Error in a future version of PHP)
#0 D:\xampp\htdocs\mitienda\app\Views\unidades\unidades.php(33): CodeIgniter\Debug\Exceptions->errorHandler(2, 'Use of undefine...', 'D:\\xampp\\htdocs...', 33, Array)
#1 D:\xampp\htdocs\mitienda\system\View\View.php(246): include('D:\\xampp\\htdocs...')
#2 D:\xampp\htdocs\mitienda\system\Common.php(1119): CodeIgniter\View\View->render('unidades/unidad...', Array, true)
#3 D:\xampp\htdocs\mitienda\app\Controllers\Unidades.php(23): view('unidades/unidad...', Array)
#4 D:\xampp\htdocs\mitienda\system\CodeIgniter.php(918): App\Controllers\Unidades->index()
#5 D:\xampp\htdocs\mitienda\system\CodeIgniter.php(404): CodeIgniter\CodeIgniter->runController(Object(App\Controllers\Unidades))
#6 D:\xampp\htdocs\mitienda\system\CodeIgniter.php(312): CodeIgniter\CodeIgniter->handleRequest(NULL, Object(Config\Cache), false)
#7 D:\xampp\htdocs\mitienda\public\index.php(45): CodeIgniter\CodeIgniter->run()
#8 {main}
CRITICAL - 2020-10-19 18:04:42 --> Use of undefined constant nombre - assumed 'nombre' (this will throw an Error in a future version of PHP)
#0 D:\xampp\htdocs\mitienda\app\Views\unidades\unidades.php(33): CodeIgniter\Debug\Exceptions->errorHandler(2, 'Use of undefine...', 'D:\\xampp\\htdocs...', 33, Array)
#1 D:\xampp\htdocs\mitienda\system\View\View.php(246): include('D:\\xampp\\htdocs...')
#2 D:\xampp\htdocs\mitienda\system\Common.php(1119): CodeIgniter\View\View->render('unidades/unidad...', Array, true)
#3 D:\xampp\htdocs\mitienda\app\Controllers\Unidades.php(23): view('unidades/unidad...', Array)
#4 D:\xampp\htdocs\mitienda\system\CodeIgniter.php(918): App\Controllers\Unidades->index()
#5 D:\xampp\htdocs\mitienda\system\CodeIgniter.php(404): CodeIgniter\CodeIgniter->runController(Object(App\Controllers\Unidades))
#6 D:\xampp\htdocs\mitienda\system\CodeIgniter.php(312): CodeIgniter\CodeIgniter->handleRequest(NULL, Object(Config\Cache), false)
#7 D:\xampp\htdocs\mitienda\public\index.php(45): CodeIgniter\CodeIgniter->run()
#8 {main}
CRITICAL - 2020-10-19 18:07:11 --> Use of undefined constant nombre - assumed 'nombre' (this will throw an Error in a future version of PHP)
#0 D:\xampp\htdocs\mitienda\app\Views\unidades\unidades.php(33): CodeIgniter\Debug\Exceptions->errorHandler(2, 'Use of undefine...', 'D:\\xampp\\htdocs...', 33, Array)
#1 D:\xampp\htdocs\mitienda\system\View\View.php(246): include('D:\\xampp\\htdocs...')
#2 D:\xampp\htdocs\mitienda\system\Common.php(1119): CodeIgniter\View\View->render('unidades/unidad...', Array, true)
#3 D:\xampp\htdocs\mitienda\app\Controllers\Unidades.php(23): view('unidades/unidad...', Array)
#4 D:\xampp\htdocs\mitienda\system\CodeIgniter.php(918): App\Controllers\Unidades->index()
#5 D:\xampp\htdocs\mitienda\system\CodeIgniter.php(404): CodeIgniter\CodeIgniter->runController(Object(App\Controllers\Unidades))
#6 D:\xampp\htdocs\mitienda\system\CodeIgniter.php(312): CodeIgniter\CodeIgniter->handleRequest(NULL, Object(Config\Cache), false)
#7 D:\xampp\htdocs\mitienda\public\index.php(45): CodeIgniter\CodeIgniter->run()
#8 {main}
CRITICAL - 2020-10-19 18:08:41 --> Use of undefined constant nombre - assumed 'nombre' (this will throw an Error in a future version of PHP)
#0 D:\xampp\htdocs\mitienda\app\Views\unidades\unidades.php(34): CodeIgniter\Debug\Exceptions->errorHandler(2, 'Use of undefine...', 'D:\\xampp\\htdocs...', 34, Array)
#1 D:\xampp\htdocs\mitienda\system\View\View.php(246): include('D:\\xampp\\htdocs...')
#2 D:\xampp\htdocs\mitienda\system\Common.php(1119): CodeIgniter\View\View->render('unidades/unidad...', Array, true)
#3 D:\xampp\htdocs\mitienda\app\Controllers\Unidades.php(23): view('unidades/unidad...', Array)
#4 D:\xampp\htdocs\mitienda\system\CodeIgniter.php(918): App\Controllers\Unidades->index()
#5 D:\xampp\htdocs\mitienda\system\CodeIgniter.php(404): CodeIgniter\CodeIgniter->runController(Object(App\Controllers\Unidades))
#6 D:\xampp\htdocs\mitienda\system\CodeIgniter.php(312): CodeIgniter\CodeIgniter->handleRequest(NULL, Object(Config\Cache), false)
#7 D:\xampp\htdocs\mitienda\public\index.php(45): CodeIgniter\CodeIgniter->run()
#8 {main}
CRITICAL - 2020-10-19 18:08:42 --> Use of undefined constant nombre - assumed 'nombre' (this will throw an Error in a future version of PHP)
#0 D:\xampp\htdocs\mitienda\app\Views\unidades\unidades.php(34): CodeIgniter\Debug\Exceptions->errorHandler(2, 'Use of undefine...', 'D:\\xampp\\htdocs...', 34, Array)
#1 D:\xampp\htdocs\mitienda\system\View\View.php(246): include('D:\\xampp\\htdocs...')
#2 D:\xampp\htdocs\mitienda\system\Common.php(1119): CodeIgniter\View\View->render('unidades/unidad...', Array, true)
#3 D:\xampp\htdocs\mitienda\app\Controllers\Unidades.php(23): view('unidades/unidad...', Array)
#4 D:\xampp\htdocs\mitienda\system\CodeIgniter.php(918): App\Controllers\Unidades->index()
#5 D:\xampp\htdocs\mitienda\system\CodeIgniter.php(404): CodeIgniter\CodeIgniter->runController(Object(App\Controllers\Unidades))
#6 D:\xampp\htdocs\mitienda\system\CodeIgniter.php(312): CodeIgniter\CodeIgniter->handleRequest(NULL, Object(Config\Cache), false)
#7 D:\xampp\htdocs\mitienda\public\index.php(45): CodeIgniter\CodeIgniter->run()
#8 {main}
CRITICAL - 2020-10-19 18:08:42 --> Use of undefined constant nombre - assumed 'nombre' (this will throw an Error in a future version of PHP)
#0 D:\xampp\htdocs\mitienda\app\Views\unidades\unidades.php(34): CodeIgniter\Debug\Exceptions->errorHandler(2, 'Use of undefine...', 'D:\\xampp\\htdocs...', 34, Array)
#1 D:\xampp\htdocs\mitienda\system\View\View.php(246): include('D:\\xampp\\htdocs...')
#2 D:\xampp\htdocs\mitienda\system\Common.php(1119): CodeIgniter\View\View->render('unidades/unidad...', Array, true)
#3 D:\xampp\htdocs\mitienda\app\Controllers\Unidades.php(23): view('unidades/unidad...', Array)
#4 D:\xampp\htdocs\mitienda\system\CodeIgniter.php(918): App\Controllers\Unidades->index()
#5 D:\xampp\htdocs\mitienda\system\CodeIgniter.php(404): CodeIgniter\CodeIgniter->runController(Object(App\Controllers\Unidades))
#6 D:\xampp\htdocs\mitienda\system\CodeIgniter.php(312): CodeIgniter\CodeIgniter->handleRequest(NULL, Object(Config\Cache), false)
#7 D:\xampp\htdocs\mitienda\public\index.php(45): CodeIgniter\CodeIgniter->run()
#8 {main}
CRITICAL - 2020-10-19 18:09:22 --> Use of undefined constant nombre - assumed 'nombre' (this will throw an Error in a future version of PHP)
#0 D:\xampp\htdocs\mitienda\app\Views\unidades\unidades.php(34): CodeIgniter\Debug\Exceptions->errorHandler(2, 'Use of undefine...', 'D:\\xampp\\htdocs...', 34, Array)
#1 D:\xampp\htdocs\mitienda\system\View\View.php(246): include('D:\\xampp\\htdocs...')
#2 D:\xampp\htdocs\mitienda\system\Common.php(1119): CodeIgniter\View\View->render('unidades/unidad...', Array, true)
#3 D:\xampp\htdocs\mitienda\app\Controllers\Unidades.php(23): view('unidades/unidad...', Array)
#4 D:\xampp\htdocs\mitienda\system\CodeIgniter.php(918): App\Controllers\Unidades->index()
#5 D:\xampp\htdocs\mitienda\system\CodeIgniter.php(404): CodeIgniter\CodeIgniter->runController(Object(App\Controllers\Unidades))
#6 D:\xampp\htdocs\mitienda\system\CodeIgniter.php(312): CodeIgniter\CodeIgniter->handleRequest(NULL, Object(Config\Cache), false)
#7 D:\xampp\htdocs\mitienda\public\index.php(45): CodeIgniter\CodeIgniter->run()
#8 {main}
CRITICAL - 2020-10-19 18:10:50 --> Use of undefined constant nombre - assumed 'nombre' (this will throw an Error in a future version of PHP)
#0 D:\xampp\htdocs\mitienda\app\Views\unidades\unidades.php(33): CodeIgniter\Debug\Exceptions->errorHandler(2, 'Use of undefine...', 'D:\\xampp\\htdocs...', 33, Array)
#1 D:\xampp\htdocs\mitienda\system\View\View.php(246): include('D:\\xampp\\htdocs...')
#2 D:\xampp\htdocs\mitienda\system\Common.php(1119): CodeIgniter\View\View->render('unidades/unidad...', Array, true)
#3 D:\xampp\htdocs\mitienda\app\Controllers\Unidades.php(23): view('unidades/unidad...', Array)
#4 D:\xampp\htdocs\mitienda\system\CodeIgniter.php(918): App\Controllers\Unidades->index()
#5 D:\xampp\htdocs\mitienda\system\CodeIgniter.php(404): CodeIgniter\CodeIgniter->runController(Object(App\Controllers\Unidades))
#6 D:\xampp\htdocs\mitienda\system\CodeIgniter.php(312): CodeIgniter\CodeIgniter->handleRequest(NULL, Object(Config\Cache), false)
#7 D:\xampp\htdocs\mitienda\public\index.php(45): CodeIgniter\CodeIgniter->run()
#8 {main}
CRITICAL - 2020-10-19 18:10:50 --> Use of undefined constant nombre - assumed 'nombre' (this will throw an Error in a future version of PHP)
#0 D:\xampp\htdocs\mitienda\app\Views\unidades\unidades.php(33): CodeIgniter\Debug\Exceptions->errorHandler(2, 'Use of undefine...', 'D:\\xampp\\htdocs...', 33, Array)
#1 D:\xampp\htdocs\mitienda\system\View\View.php(246): include('D:\\xampp\\htdocs...')
#2 D:\xampp\htdocs\mitienda\system\Common.php(1119): CodeIgniter\View\View->render('unidades/unidad...', Array, true)
#3 D:\xampp\htdocs\mitienda\app\Controllers\Unidades.php(23): view('unidades/unidad...', Array)
#4 D:\xampp\htdocs\mitienda\system\CodeIgniter.php(918): App\Controllers\Unidades->index()
#5 D:\xampp\htdocs\mitienda\system\CodeIgniter.php(404): CodeIgniter\CodeIgniter->runController(Object(App\Controllers\Unidades))
#6 D:\xampp\htdocs\mitienda\system\CodeIgniter.php(312): CodeIgniter\CodeIgniter->handleRequest(NULL, Object(Config\Cache), false)
#7 D:\xampp\htdocs\mitienda\public\index.php(45): CodeIgniter\CodeIgniter->run()
#8 {main}
CRITICAL - 2020-10-19 18:10:52 --> Use of undefined constant nombre - assumed 'nombre' (this will throw an Error in a future version of PHP)
#0 D:\xampp\htdocs\mitienda\app\Views\unidades\unidades.php(33): CodeIgniter\Debug\Exceptions->errorHandler(2, 'Use of undefine...', 'D:\\xampp\\htdocs...', 33, Array)
#1 D:\xampp\htdocs\mitienda\system\View\View.php(246): include('D:\\xampp\\htdocs...')
#2 D:\xampp\htdocs\mitienda\system\Common.php(1119): CodeIgniter\View\View->render('unidades/unidad...', Array, true)
#3 D:\xampp\htdocs\mitienda\app\Controllers\Unidades.php(23): view('unidades/unidad...', Array)
#4 D:\xampp\htdocs\mitienda\system\CodeIgniter.php(918): App\Controllers\Unidades->index()
#5 D:\xampp\htdocs\mitienda\system\CodeIgniter.php(404): CodeIgniter\CodeIgniter->runController(Object(App\Controllers\Unidades))
#6 D:\xampp\htdocs\mitienda\system\CodeIgniter.php(312): CodeIgniter\CodeIgniter->handleRequest(NULL, Object(Config\Cache), false)
#7 D:\xampp\htdocs\mitienda\public\index.php(45): CodeIgniter\CodeIgniter->run()
#8 {main}
CRITICAL - 2020-10-19 18:11:45 --> Use of undefined constant nombre - assumed 'nombre' (this will throw an Error in a future version of PHP)
#0 D:\xampp\htdocs\mitienda\app\Views\unidades\unidades.php(33): CodeIgniter\Debug\Exceptions->errorHandler(2, 'Use of undefine...', 'D:\\xampp\\htdocs...', 33, Array)
#1 D:\xampp\htdocs\mitienda\system\View\View.php(246): include('D:\\xampp\\htdocs...')
#2 D:\xampp\htdocs\mitienda\system\Common.php(1119): CodeIgniter\View\View->render('unidades/unidad...', Array, true)
#3 D:\xampp\htdocs\mitienda\app\Controllers\Unidades.php(23): view('unidades/unidad...', Array)
#4 D:\xampp\htdocs\mitienda\system\CodeIgniter.php(918): App\Controllers\Unidades->index()
#5 D:\xampp\htdocs\mitienda\system\CodeIgniter.php(404): CodeIgniter\CodeIgniter->runController(Object(App\Controllers\Unidades))
#6 D:\xampp\htdocs\mitienda\system\CodeIgniter.php(312): CodeIgniter\CodeIgniter->handleRequest(NULL, Object(Config\Cache), false)
#7 D:\xampp\htdocs\mitienda\public\index.php(45): CodeIgniter\CodeIgniter->run()
#8 {main}
CRITICAL - 2020-10-19 18:11:46 --> Use of undefined constant nombre - assumed 'nombre' (this will throw an Error in a future version of PHP)
#0 D:\xampp\htdocs\mitienda\app\Views\unidades\unidades.php(33): CodeIgniter\Debug\Exceptions->errorHandler(2, 'Use of undefine...', 'D:\\xampp\\htdocs...', 33, Array)
#1 D:\xampp\htdocs\mitienda\system\View\View.php(246): include('D:\\xampp\\htdocs...')
#2 D:\xampp\htdocs\mitienda\system\Common.php(1119): CodeIgniter\View\View->render('unidades/unidad...', Array, true)
#3 D:\xampp\htdocs\mitienda\app\Controllers\Unidades.php(23): view('unidades/unidad...', Array)
#4 D:\xampp\htdocs\mitienda\system\CodeIgniter.php(918): App\Controllers\Unidades->index()
#5 D:\xampp\htdocs\mitienda\system\CodeIgniter.php(404): CodeIgniter\CodeIgniter->runController(Object(App\Controllers\Unidades))
#6 D:\xampp\htdocs\mitienda\system\CodeIgniter.php(312): CodeIgniter\CodeIgniter->handleRequest(NULL, Object(Config\Cache), false)
#7 D:\xampp\htdocs\mitienda\public\index.php(45): CodeIgniter\CodeIgniter->run()
#8 {main}
CRITICAL - 2020-10-19 18:12:21 --> Use of undefined constant Idunidad - assumed 'Idunidad' (this will throw an Error in a future version of PHP)
#0 D:\xampp\htdocs\mitienda\app\Views\unidades\unidades.php(33): CodeIgniter\Debug\Exceptions->errorHandler(2, 'Use of undefine...', 'D:\\xampp\\htdocs...', 33, Array)
#1 D:\xampp\htdocs\mitienda\system\View\View.php(246): include('D:\\xampp\\htdocs...')
#2 D:\xampp\htdocs\mitienda\system\Common.php(1119): CodeIgniter\View\View->render('unidades/unidad...', Array, true)
#3 D:\xampp\htdocs\mitienda\app\Controllers\Unidades.php(23): view('unidades/unidad...', Array)
#4 D:\xampp\htdocs\mitienda\system\CodeIgniter.php(918): App\Controllers\Unidades->index()
#5 D:\xampp\htdocs\mitienda\system\CodeIgniter.php(404): CodeIgniter\CodeIgniter->runController(Object(App\Controllers\Unidades))
#6 D:\xampp\htdocs\mitienda\system\CodeIgniter.php(312): CodeIgniter\CodeIgniter->handleRequest(NULL, Object(Config\Cache), false)
#7 D:\xampp\htdocs\mitienda\public\index.php(45): CodeIgniter\CodeIgniter->run()
#8 {main}
CRITICAL - 2020-10-19 18:12:22 --> Use of undefined constant Idunidad - assumed 'Idunidad' (this will throw an Error in a future version of PHP)
#0 D:\xampp\htdocs\mitienda\app\Views\unidades\unidades.php(33): CodeIgniter\Debug\Exceptions->errorHandler(2, 'Use of undefine...', 'D:\\xampp\\htdocs...', 33, Array)
#1 D:\xampp\htdocs\mitienda\system\View\View.php(246): include('D:\\xampp\\htdocs...')
#2 D:\xampp\htdocs\mitienda\system\Common.php(1119): CodeIgniter\View\View->render('unidades/unidad...', Array, true)
#3 D:\xampp\htdocs\mitienda\app\Controllers\Unidades.php(23): view('unidades/unidad...', Array)
#4 D:\xampp\htdocs\mitienda\system\CodeIgniter.php(918): App\Controllers\Unidades->index()
#5 D:\xampp\htdocs\mitienda\system\CodeIgniter.php(404): CodeIgniter\CodeIgniter->runController(Object(App\Controllers\Unidades))
#6 D:\xampp\htdocs\mitienda\system\CodeIgniter.php(312): CodeIgniter\CodeIgniter->handleRequest(NULL, Object(Config\Cache), false)
#7 D:\xampp\htdocs\mitienda\public\index.php(45): CodeIgniter\CodeIgniter->run()
#8 {main}
CRITICAL - 2020-10-19 18:12:51 --> Use of undefined constant idunidad - assumed 'idunidad' (this will throw an Error in a future version of PHP)
#0 D:\xampp\htdocs\mitienda\app\Views\unidades\unidades.php(33): CodeIgniter\Debug\Exceptions->errorHandler(2, 'Use of undefine...', 'D:\\xampp\\htdocs...', 33, Array)
#1 D:\xampp\htdocs\mitienda\system\View\View.php(246): include('D:\\xampp\\htdocs...')
#2 D:\xampp\htdocs\mitienda\system\Common.php(1119): CodeIgniter\View\View->render('unidades/unidad...', Array, true)
#3 D:\xampp\htdocs\mitienda\app\Controllers\Unidades.php(23): view('unidades/unidad...', Array)
#4 D:\xampp\htdocs\mitienda\system\CodeIgniter.php(918): App\Controllers\Unidades->index()
#5 D:\xampp\htdocs\mitienda\system\CodeIgniter.php(404): CodeIgniter\CodeIgniter->runController(Object(App\Controllers\Unidades))
#6 D:\xampp\htdocs\mitienda\system\CodeIgniter.php(312): CodeIgniter\CodeIgniter->handleRequest(NULL, Object(Config\Cache), false)
#7 D:\xampp\htdocs\mitienda\public\index.php(45): CodeIgniter\CodeIgniter->run()
#8 {main}
CRITICAL - 2020-10-19 18:12:52 --> Use of undefined constant idunidad - assumed 'idunidad' (this will throw an Error in a future version of PHP)
#0 D:\xampp\htdocs\mitienda\app\Views\unidades\unidades.php(33): CodeIgniter\Debug\Exceptions->errorHandler(2, 'Use of undefine...', 'D:\\xampp\\htdocs...', 33, Array)
#1 D:\xampp\htdocs\mitienda\system\View\View.php(246): include('D:\\xampp\\htdocs...')
#2 D:\xampp\htdocs\mitienda\system\Common.php(1119): CodeIgniter\View\View->render('unidades/unidad...', Array, true)
#3 D:\xampp\htdocs\mitienda\app\Controllers\Unidades.php(23): view('unidades/unidad...', Array)
#4 D:\xampp\htdocs\mitienda\system\CodeIgniter.php(918): App\Controllers\Unidades->index()
#5 D:\xampp\htdocs\mitienda\system\CodeIgniter.php(404): CodeIgniter\CodeIgniter->runController(Object(App\Controllers\Unidades))
#6 D:\xampp\htdocs\mitienda\system\CodeIgniter.php(312): CodeIgniter\CodeIgniter->handleRequest(NULL, Object(Config\Cache), false)
#7 D:\xampp\htdocs\mitienda\public\index.php(45): CodeIgniter\CodeIgniter->run()
#8 {main}
CRITICAL - 2020-10-19 18:12:52 --> Use of undefined constant idunidad - assumed 'idunidad' (this will throw an Error in a future version of PHP)
#0 D:\xampp\htdocs\mitienda\app\Views\unidades\unidades.php(33): CodeIgniter\Debug\Exceptions->errorHandler(2, 'Use of undefine...', 'D:\\xampp\\htdocs...', 33, Array)
#1 D:\xampp\htdocs\mitienda\system\View\View.php(246): include('D:\\xampp\\htdocs...')
#2 D:\xampp\htdocs\mitienda\system\Common.php(1119): CodeIgniter\View\View->render('unidades/unidad...', Array, true)
#3 D:\xampp\htdocs\mitienda\app\Controllers\Unidades.php(23): view('unidades/unidad...', Array)
#4 D:\xampp\htdocs\mitienda\system\CodeIgniter.php(918): App\Controllers\Unidades->index()
#5 D:\xampp\htdocs\mitienda\system\CodeIgniter.php(404): CodeIgniter\CodeIgniter->runController(Object(App\Controllers\Unidades))
#6 D:\xampp\htdocs\mitienda\system\CodeIgniter.php(312): CodeIgniter\CodeIgniter->handleRequest(NULL, Object(Config\Cache), false)
#7 D:\xampp\htdocs\mitienda\public\index.php(45): CodeIgniter\CodeIgniter->run()
#8 {main}
CRITICAL - 2020-10-19 18:12:52 --> Use of undefined constant idunidad - assumed 'idunidad' (this will throw an Error in a future version of PHP)
#0 D:\xampp\htdocs\mitienda\app\Views\unidades\unidades.php(33): CodeIgniter\Debug\Exceptions->errorHandler(2, 'Use of undefine...', 'D:\\xampp\\htdocs...', 33, Array)
#1 D:\xampp\htdocs\mitienda\system\View\View.php(246): include('D:\\xampp\\htdocs...')
#2 D:\xampp\htdocs\mitienda\system\Common.php(1119): CodeIgniter\View\View->render('unidades/unidad...', Array, true)
#3 D:\xampp\htdocs\mitienda\app\Controllers\Unidades.php(23): view('unidades/unidad...', Array)
#4 D:\xampp\htdocs\mitienda\system\CodeIgniter.php(918): App\Controllers\Unidades->index()
#5 D:\xampp\htdocs\mitienda\system\CodeIgniter.php(404): CodeIgniter\CodeIgniter->runController(Object(App\Controllers\Unidades))
#6 D:\xampp\htdocs\mitienda\system\CodeIgniter.php(312): CodeIgniter\CodeIgniter->handleRequest(NULL, Object(Config\Cache), false)
#7 D:\xampp\htdocs\mitienda\public\index.php(45): CodeIgniter\CodeIgniter->run()
#8 {main}
CRITICAL - 2020-10-19 18:12:52 --> Use of undefined constant idunidad - assumed 'idunidad' (this will throw an Error in a future version of PHP)
#0 D:\xampp\htdocs\mitienda\app\Views\unidades\unidades.php(33): CodeIgniter\Debug\Exceptions->errorHandler(2, 'Use of undefine...', 'D:\\xampp\\htdocs...', 33, Array)
#1 D:\xampp\htdocs\mitienda\system\View\View.php(246): include('D:\\xampp\\htdocs...')
#2 D:\xampp\htdocs\mitienda\system\Common.php(1119): CodeIgniter\View\View->render('unidades/unidad...', Array, true)
#3 D:\xampp\htdocs\mitienda\app\Controllers\Unidades.php(23): view('unidades/unidad...', Array)
#4 D:\xampp\htdocs\mitienda\system\CodeIgniter.php(918): App\Controllers\Unidades->index()
#5 D:\xampp\htdocs\mitienda\system\CodeIgniter.php(404): CodeIgniter\CodeIgniter->runController(Object(App\Controllers\Unidades))
#6 D:\xampp\htdocs\mitienda\system\CodeIgniter.php(312): CodeIgniter\CodeIgniter->handleRequest(NULL, Object(Config\Cache), false)
#7 D:\xampp\htdocs\mitienda\public\index.php(45): CodeIgniter\CodeIgniter->run()
#8 {main}
CRITICAL - 2020-10-19 18:12:53 --> Use of undefined constant idunidad - assumed 'idunidad' (this will throw an Error in a future version of PHP)
#0 D:\xampp\htdocs\mitienda\app\Views\unidades\unidades.php(33): CodeIgniter\Debug\Exceptions->errorHandler(2, 'Use of undefine...', 'D:\\xampp\\htdocs...', 33, Array)
#1 D:\xampp\htdocs\mitienda\system\View\View.php(246): include('D:\\xampp\\htdocs...')
#2 D:\xampp\htdocs\mitienda\system\Common.php(1119): CodeIgniter\View\View->render('unidades/unidad...', Array, true)
#3 D:\xampp\htdocs\mitienda\app\Controllers\Unidades.php(23): view('unidades/unidad...', Array)
#4 D:\xampp\htdocs\mitienda\system\CodeIgniter.php(918): App\Controllers\Unidades->index()
#5 D:\xampp\htdocs\mitienda\system\CodeIgniter.php(404): CodeIgniter\CodeIgniter->runController(Object(App\Controllers\Unidades))
#6 D:\xampp\htdocs\mitienda\system\CodeIgniter.php(312): CodeIgniter\CodeIgniter->handleRequest(NULL, Object(Config\Cache), false)
#7 D:\xampp\htdocs\mitienda\public\index.php(45): CodeIgniter\CodeIgniter->run()
#8 {main}
CRITICAL - 2020-10-19 18:12:55 --> Use of undefined constant idunidad - assumed 'idunidad' (this will throw an Error in a future version of PHP)
#0 D:\xampp\htdocs\mitienda\app\Views\unidades\unidades.php(33): CodeIgniter\Debug\Exceptions->errorHandler(2, 'Use of undefine...', 'D:\\xampp\\htdocs...', 33, Array)
#1 D:\xampp\htdocs\mitienda\system\View\View.php(246): include('D:\\xampp\\htdocs...')
#2 D:\xampp\htdocs\mitienda\system\Common.php(1119): CodeIgniter\View\View->render('unidades/unidad...', Array, true)
#3 D:\xampp\htdocs\mitienda\app\Controllers\Unidades.php(23): view('unidades/unidad...', Array)
#4 D:\xampp\htdocs\mitienda\system\CodeIgniter.php(918): App\Controllers\Unidades->index()
#5 D:\xampp\htdocs\mitienda\system\CodeIgniter.php(404): CodeIgniter\CodeIgniter->runController(Object(App\Controllers\Unidades))
#6 D:\xampp\htdocs\mitienda\system\CodeIgniter.php(312): CodeIgniter\CodeIgniter->handleRequest(NULL, Object(Config\Cache), false)
#7 D:\xampp\htdocs\mitienda\public\index.php(45): CodeIgniter\CodeIgniter->run()
#8 {main}
CRITICAL - 2020-10-19 18:14:16 --> Use of undefined constant idunidad - assumed 'idunidad' (this will throw an Error in a future version of PHP)
#0 D:\xampp\htdocs\mitienda\app\Views\unidades\unidades.php(33): CodeIgniter\Debug\Exceptions->errorHandler(2, 'Use of undefine...', 'D:\\xampp\\htdocs...', 33, Array)
#1 D:\xampp\htdocs\mitienda\system\View\View.php(246): include('D:\\xampp\\htdocs...')
#2 D:\xampp\htdocs\mitienda\system\Common.php(1119): CodeIgniter\View\View->render('unidades/unidad...', Array, true)
#3 D:\xampp\htdocs\mitienda\app\Controllers\Unidades.php(23): view('unidades/unidad...', Array)
#4 D:\xampp\htdocs\mitienda\system\CodeIgniter.php(918): App\Controllers\Unidades->index()
#5 D:\xampp\htdocs\mitienda\system\CodeIgniter.php(404): CodeIgniter\CodeIgniter->runController(Object(App\Controllers\Unidades))
#6 D:\xampp\htdocs\mitienda\system\CodeIgniter.php(312): CodeIgniter\CodeIgniter->handleRequest(NULL, Object(Config\Cache), false)
#7 D:\xampp\htdocs\mitienda\public\index.php(45): CodeIgniter\CodeIgniter->run()
#8 {main}
CRITICAL - 2020-10-19 18:14:16 --> Use of undefined constant idunidad - assumed 'idunidad' (this will throw an Error in a future version of PHP)
#0 D:\xampp\htdocs\mitienda\app\Views\unidades\unidades.php(33): CodeIgniter\Debug\Exceptions->errorHandler(2, 'Use of undefine...', 'D:\\xampp\\htdocs...', 33, Array)
#1 D:\xampp\htdocs\mitienda\system\View\View.php(246): include('D:\\xampp\\htdocs...')
#2 D:\xampp\htdocs\mitienda\system\Common.php(1119): CodeIgniter\View\View->render('unidades/unidad...', Array, true)
#3 D:\xampp\htdocs\mitienda\app\Controllers\Unidades.php(23): view('unidades/unidad...', Array)
#4 D:\xampp\htdocs\mitienda\system\CodeIgniter.php(918): App\Controllers\Unidades->index()
#5 D:\xampp\htdocs\mitienda\system\CodeIgniter.php(404): CodeIgniter\CodeIgniter->runController(Object(App\Controllers\Unidades))
#6 D:\xampp\htdocs\mitienda\system\CodeIgniter.php(312): CodeIgniter\CodeIgniter->handleRequest(NULL, Object(Config\Cache), false)
#7 D:\xampp\htdocs\mitienda\public\index.php(45): CodeIgniter\CodeIgniter->run()
#8 {main}
