CRITICAL - 2020-11-23 18:45:48 --> Class 'App\Models\ConfiguracionesModel' not found
#0 D:\xampp\htdocs\mitienda\system\CodeIgniter.php(890): App\Controllers\Configuraciones->__construct()
#1 D:\xampp\htdocs\mitienda\system\CodeIgniter.php(399): CodeIgniter\CodeIgniter->createController()
#2 D:\xampp\htdocs\mitienda\system\CodeIgniter.php(312): CodeIgniter\CodeIgniter->handleRequest(NULL, Object(Config\Cache), false)
#3 D:\xampp\htdocs\mitienda\public\index.php(45): CodeIgniter\CodeIgniter->run()
#4 {main}
CRITICAL - 2020-11-23 18:46:38 --> Invalid file: configuraciones/configuraciones.php
#0 D:\xampp\htdocs\mitienda\system\View\View.php(228): CodeIgniter\Exceptions\FrameworkException::forInvalidFile('configuraciones...')
#1 D:\xampp\htdocs\mitienda\system\Common.php(1119): CodeIgniter\View\View->render('configuraciones...', Array, true)
#2 D:\xampp\htdocs\mitienda\app\Controllers\Configuraciones.php(24): view('configuraciones...', Array)
#3 D:\xampp\htdocs\mitienda\system\CodeIgniter.php(918): App\Controllers\Configuraciones->index()
#4 D:\xampp\htdocs\mitienda\system\CodeIgniter.php(404): CodeIgniter\CodeIgniter->runController(Object(App\Controllers\Configuraciones))
#5 D:\xampp\htdocs\mitienda\system\CodeIgniter.php(312): CodeIgniter\CodeIgniter->handleRequest(NULL, Object(Config\Cache), false)
#6 D:\xampp\htdocs\mitienda\public\index.php(45): CodeIgniter\CodeIgniter->run()
#7 {main}
CRITICAL - 2020-11-23 18:46:47 --> Invalid file: configuraciones/configuraciones.php
#0 D:\xampp\htdocs\mitienda\system\View\View.php(228): CodeIgniter\Exceptions\FrameworkException::forInvalidFile('configuraciones...')
#1 D:\xampp\htdocs\mitienda\system\Common.php(1119): CodeIgniter\View\View->render('configuraciones...', Array, true)
#2 D:\xampp\htdocs\mitienda\app\Controllers\Configuraciones.php(24): view('configuraciones...', Array)
#3 D:\xampp\htdocs\mitienda\system\CodeIgniter.php(918): App\Controllers\Configuraciones->index()
#4 D:\xampp\htdocs\mitienda\system\CodeIgniter.php(404): CodeIgniter\CodeIgniter->runController(Object(App\Controllers\Configuraciones))
#5 D:\xampp\htdocs\mitienda\system\CodeIgniter.php(312): CodeIgniter\CodeIgniter->handleRequest(NULL, Object(Config\Cache), false)
#6 D:\xampp\htdocs\mitienda\public\index.php(45): CodeIgniter\CodeIgniter->run()
#7 {main}
CRITICAL - 2020-11-23 19:05:33 --> Undefined variable: data
#0 D:\xampp\htdocs\mitienda\app\Views\configuraciones\configuraciones.php(23): CodeIgniter\Debug\Exceptions->errorHandler(8, 'Undefined varia...', 'D:\\xampp\\htdocs...', 23, Array)
#1 D:\xampp\htdocs\mitienda\system\View\View.php(246): include('D:\\xampp\\htdocs...')
#2 D:\xampp\htdocs\mitienda\system\Common.php(1119): CodeIgniter\View\View->render('configuraciones...', Array, true)
#3 D:\xampp\htdocs\mitienda\app\Controllers\Configuraciones.php(24): view('configuraciones...', Array)
#4 D:\xampp\htdocs\mitienda\system\CodeIgniter.php(918): App\Controllers\Configuraciones->index()
#5 D:\xampp\htdocs\mitienda\system\CodeIgniter.php(404): CodeIgniter\CodeIgniter->runController(Object(App\Controllers\Configuraciones))
#6 D:\xampp\htdocs\mitienda\system\CodeIgniter.php(312): CodeIgniter\CodeIgniter->handleRequest(NULL, Object(Config\Cache), false)
#7 D:\xampp\htdocs\mitienda\public\index.php(45): CodeIgniter\CodeIgniter->run()
#8 {main}
