CRITICAL - 2020-10-26 19:31:22 --> syntax error, unexpected '->' (T_OBJECT_OPERATOR)
#0 D:\xampp\htdocs\mitienda\system\Router\Router.php(195): CodeIgniter\Router\Router->autoRoute('Unidades/1')
#1 D:\xampp\htdocs\mitienda\system\CodeIgniter.php(793): CodeIgniter\Router\Router->handle('Unidades/1')
#2 D:\xampp\htdocs\mitienda\system\CodeIgniter.php(364): CodeIgniter\CodeIgniter->tryToRouteIt(Object(CodeIgniter\Router\RouteCollection))
#3 D:\xampp\htdocs\mitienda\system\CodeIgniter.php(312): CodeIgniter\CodeIgniter->handleRequest(NULL, Object(Config\Cache), false)
#4 D:\xampp\htdocs\mitienda\public\index.php(45): CodeIgniter\CodeIgniter->run()
#5 {main}
CRITICAL - 2020-10-26 19:33:08 --> syntax error, unexpected '->' (T_OBJECT_OPERATOR)
#0 D:\xampp\htdocs\mitienda\system\Router\Router.php(195): CodeIgniter\Router\Router->autoRoute('Unidades/1')
#1 D:\xampp\htdocs\mitienda\system\CodeIgniter.php(793): CodeIgniter\Router\Router->handle('Unidades/1')
#2 D:\xampp\htdocs\mitienda\system\CodeIgniter.php(364): CodeIgniter\CodeIgniter->tryToRouteIt(Object(CodeIgniter\Router\RouteCollection))
#3 D:\xampp\htdocs\mitienda\system\CodeIgniter.php(312): CodeIgniter\CodeIgniter->handleRequest(NULL, Object(Config\Cache), false)
#4 D:\xampp\htdocs\mitienda\public\index.php(45): CodeIgniter\CodeIgniter->run()
#5 {main}
CRITICAL - 2020-10-26 19:33:11 --> syntax error, unexpected '->' (T_OBJECT_OPERATOR)
#0 D:\xampp\htdocs\mitienda\system\Router\Router.php(195): CodeIgniter\Router\Router->autoRoute('Unidades')
#1 D:\xampp\htdocs\mitienda\system\CodeIgniter.php(793): CodeIgniter\Router\Router->handle('Unidades')
#2 D:\xampp\htdocs\mitienda\system\CodeIgniter.php(364): CodeIgniter\CodeIgniter->tryToRouteIt(Object(CodeIgniter\Router\RouteCollection))
#3 D:\xampp\htdocs\mitienda\system\CodeIgniter.php(312): CodeIgniter\CodeIgniter->handleRequest(NULL, Object(Config\Cache), false)
#4 D:\xampp\htdocs\mitienda\public\index.php(45): CodeIgniter\CodeIgniter->run()
#5 {main}
CRITICAL - 2020-10-26 19:41:34 --> syntax error, unexpected '->' (T_OBJECT_OPERATOR)
#0 D:\xampp\htdocs\mitienda\system\Router\Router.php(195): CodeIgniter\Router\Router->autoRoute('Unidades')
#1 D:\xampp\htdocs\mitienda\system\CodeIgniter.php(793): CodeIgniter\Router\Router->handle('Unidades')
#2 D:\xampp\htdocs\mitienda\system\CodeIgniter.php(364): CodeIgniter\CodeIgniter->tryToRouteIt(Object(CodeIgniter\Router\RouteCollection))
#3 D:\xampp\htdocs\mitienda\system\CodeIgniter.php(312): CodeIgniter\CodeIgniter->handleRequest(NULL, Object(Config\Cache), false)
#4 D:\xampp\htdocs\mitienda\public\index.php(45): CodeIgniter\CodeIgniter->run()
#5 {main}
CRITICAL - 2020-10-26 19:43:06 --> syntax error, unexpected '->' (T_OBJECT_OPERATOR)
#0 D:\xampp\htdocs\mitienda\system\Router\Router.php(195): CodeIgniter\Router\Router->autoRoute('Unidades')
#1 D:\xampp\htdocs\mitienda\system\CodeIgniter.php(793): CodeIgniter\Router\Router->handle('Unidades')
#2 D:\xampp\htdocs\mitienda\system\CodeIgniter.php(364): CodeIgniter\CodeIgniter->tryToRouteIt(Object(CodeIgniter\Router\RouteCollection))
#3 D:\xampp\htdocs\mitienda\system\CodeIgniter.php(312): CodeIgniter\CodeIgniter->handleRequest(NULL, Object(Config\Cache), false)
#4 D:\xampp\htdocs\mitienda\public\index.php(45): CodeIgniter\CodeIgniter->run()
#5 {main}
CRITICAL - 2020-10-26 19:45:25 --> syntax error, unexpected ';', expecting ')'
#0 D:\xampp\htdocs\mitienda\system\Router\Router.php(195): CodeIgniter\Router\Router->autoRoute('Unidades')
#1 D:\xampp\htdocs\mitienda\system\CodeIgniter.php(793): CodeIgniter\Router\Router->handle('Unidades')
#2 D:\xampp\htdocs\mitienda\system\CodeIgniter.php(364): CodeIgniter\CodeIgniter->tryToRouteIt(Object(CodeIgniter\Router\RouteCollection))
#3 D:\xampp\htdocs\mitienda\system\CodeIgniter.php(312): CodeIgniter\CodeIgniter->handleRequest(NULL, Object(Config\Cache), false)
#4 D:\xampp\htdocs\mitienda\public\index.php(45): CodeIgniter\CodeIgniter->run()
#5 {main}
CRITICAL - 2020-10-26 19:45:50 --> syntax error, unexpected ';', expecting ')'
#0 D:\xampp\htdocs\mitienda\system\Router\Router.php(195): CodeIgniter\Router\Router->autoRoute('Unidades')
#1 D:\xampp\htdocs\mitienda\system\CodeIgniter.php(793): CodeIgniter\Router\Router->handle('Unidades')
#2 D:\xampp\htdocs\mitienda\system\CodeIgniter.php(364): CodeIgniter\CodeIgniter->tryToRouteIt(Object(CodeIgniter\Router\RouteCollection))
#3 D:\xampp\htdocs\mitienda\system\CodeIgniter.php(312): CodeIgniter\CodeIgniter->handleRequest(NULL, Object(Config\Cache), false)
#4 D:\xampp\htdocs\mitienda\public\index.php(45): CodeIgniter\CodeIgniter->run()
#5 {main}
CRITICAL - 2020-10-26 19:49:29 --> syntax error, unexpected 'plantilla' (T_STRING), expecting ')'
#0 D:\xampp\htdocs\mitienda\system\Router\Router.php(195): CodeIgniter\Router\Router->autoRoute('Unidades')
#1 D:\xampp\htdocs\mitienda\system\CodeIgniter.php(793): CodeIgniter\Router\Router->handle('Unidades')
#2 D:\xampp\htdocs\mitienda\system\CodeIgniter.php(364): CodeIgniter\CodeIgniter->tryToRouteIt(Object(CodeIgniter\Router\RouteCollection))
#3 D:\xampp\htdocs\mitienda\system\CodeIgniter.php(312): CodeIgniter\CodeIgniter->handleRequest(NULL, Object(Config\Cache), false)
#4 D:\xampp\htdocs\mitienda\public\index.php(45): CodeIgniter\CodeIgniter->run()
#5 {main}
CRITICAL - 2020-10-26 19:49:30 --> syntax error, unexpected 'plantilla' (T_STRING), expecting ')'
#0 D:\xampp\htdocs\mitienda\system\Router\Router.php(195): CodeIgniter\Router\Router->autoRoute('Unidades')
#1 D:\xampp\htdocs\mitienda\system\CodeIgniter.php(793): CodeIgniter\Router\Router->handle('Unidades')
#2 D:\xampp\htdocs\mitienda\system\CodeIgniter.php(364): CodeIgniter\CodeIgniter->tryToRouteIt(Object(CodeIgniter\Router\RouteCollection))
#3 D:\xampp\htdocs\mitienda\system\CodeIgniter.php(312): CodeIgniter\CodeIgniter->handleRequest(NULL, Object(Config\Cache), false)
#4 D:\xampp\htdocs\mitienda\public\index.php(45): CodeIgniter\CodeIgniter->run()
#5 {main}
CRITICAL - 2020-10-26 19:50:53 --> Call to a member function where() on null
#0 D:\xampp\htdocs\mitienda\system\CodeIgniter.php(918): App\Controllers\Unidades->index()
#1 D:\xampp\htdocs\mitienda\system\CodeIgniter.php(404): CodeIgniter\CodeIgniter->runController(Object(App\Controllers\Unidades))
#2 D:\xampp\htdocs\mitienda\system\CodeIgniter.php(312): CodeIgniter\CodeIgniter->handleRequest(NULL, Object(Config\Cache), false)
#3 D:\xampp\htdocs\mitienda\public\index.php(45): CodeIgniter\CodeIgniter->run()
#4 {main}
CRITICAL - 2020-10-26 19:50:54 --> Call to a member function where() on null
#0 D:\xampp\htdocs\mitienda\system\CodeIgniter.php(918): App\Controllers\Unidades->index()
#1 D:\xampp\htdocs\mitienda\system\CodeIgniter.php(404): CodeIgniter\CodeIgniter->runController(Object(App\Controllers\Unidades))
#2 D:\xampp\htdocs\mitienda\system\CodeIgniter.php(312): CodeIgniter\CodeIgniter->handleRequest(NULL, Object(Config\Cache), false)
#3 D:\xampp\htdocs\mitienda\public\index.php(45): CodeIgniter\CodeIgniter->run()
#4 {main}
CRITICAL - 2020-10-26 19:59:58 --> Call to a member function where() on null
#0 D:\xampp\htdocs\mitienda\system\CodeIgniter.php(918): App\Controllers\Unidades->index()
#1 D:\xampp\htdocs\mitienda\system\CodeIgniter.php(404): CodeIgniter\CodeIgniter->runController(Object(App\Controllers\Unidades))
#2 D:\xampp\htdocs\mitienda\system\CodeIgniter.php(312): CodeIgniter\CodeIgniter->handleRequest(NULL, Object(Config\Cache), false)
#3 D:\xampp\htdocs\mitienda\public\index.php(45): CodeIgniter\CodeIgniter->run()
#4 {main}
CRITICAL - 2020-10-26 20:00:49 --> Call to a member function where() on null
#0 D:\xampp\htdocs\mitienda\system\CodeIgniter.php(918): App\Controllers\Unidades->index()
#1 D:\xampp\htdocs\mitienda\system\CodeIgniter.php(404): CodeIgniter\CodeIgniter->runController(Object(App\Controllers\Unidades))
#2 D:\xampp\htdocs\mitienda\system\CodeIgniter.php(312): CodeIgniter\CodeIgniter->handleRequest(NULL, Object(Config\Cache), false)
#3 D:\xampp\htdocs\mitienda\public\index.php(45): CodeIgniter\CodeIgniter->run()
#4 {main}
CRITICAL - 2020-10-26 20:00:50 --> Call to a member function where() on null
#0 D:\xampp\htdocs\mitienda\system\CodeIgniter.php(918): App\Controllers\Unidades->index()
#1 D:\xampp\htdocs\mitienda\system\CodeIgniter.php(404): CodeIgniter\CodeIgniter->runController(Object(App\Controllers\Unidades))
#2 D:\xampp\htdocs\mitienda\system\CodeIgniter.php(312): CodeIgniter\CodeIgniter->handleRequest(NULL, Object(Config\Cache), false)
#3 D:\xampp\htdocs\mitienda\public\index.php(45): CodeIgniter\CodeIgniter->run()
#4 {main}
CRITICAL - 2020-10-26 20:07:13 --> syntax error, unexpected ';', expecting variable (T_VARIABLE)
#0 D:\xampp\htdocs\mitienda\system\Router\Router.php(195): CodeIgniter\Router\Router->autoRoute('Unidades')
#1 D:\xampp\htdocs\mitienda\system\CodeIgniter.php(793): CodeIgniter\Router\Router->handle('Unidades')
#2 D:\xampp\htdocs\mitienda\system\CodeIgniter.php(364): CodeIgniter\CodeIgniter->tryToRouteIt(Object(CodeIgniter\Router\RouteCollection))
#3 D:\xampp\htdocs\mitienda\system\CodeIgniter.php(312): CodeIgniter\CodeIgniter->handleRequest(NULL, Object(Config\Cache), false)
#4 D:\xampp\htdocs\mitienda\public\index.php(45): CodeIgniter\CodeIgniter->run()
#5 {main}
CRITICAL - 2020-10-26 20:07:34 --> syntax error, unexpected ';', expecting variable (T_VARIABLE)
#0 D:\xampp\htdocs\mitienda\system\Router\Router.php(195): CodeIgniter\Router\Router->autoRoute('Unidades')
#1 D:\xampp\htdocs\mitienda\system\CodeIgniter.php(793): CodeIgniter\Router\Router->handle('Unidades')
#2 D:\xampp\htdocs\mitienda\system\CodeIgniter.php(364): CodeIgniter\CodeIgniter->tryToRouteIt(Object(CodeIgniter\Router\RouteCollection))
#3 D:\xampp\htdocs\mitienda\system\CodeIgniter.php(312): CodeIgniter\CodeIgniter->handleRequest(NULL, Object(Config\Cache), false)
#4 D:\xampp\htdocs\mitienda\public\index.php(45): CodeIgniter\CodeIgniter->run()
#5 {main}
CRITICAL - 2020-10-26 20:07:37 --> syntax error, unexpected ';', expecting variable (T_VARIABLE)
#0 D:\xampp\htdocs\mitienda\system\Router\Router.php(195): CodeIgniter\Router\Router->autoRoute('Unidades')
#1 D:\xampp\htdocs\mitienda\system\CodeIgniter.php(793): CodeIgniter\Router\Router->handle('Unidades')
#2 D:\xampp\htdocs\mitienda\system\CodeIgniter.php(364): CodeIgniter\CodeIgniter->tryToRouteIt(Object(CodeIgniter\Router\RouteCollection))
#3 D:\xampp\htdocs\mitienda\system\CodeIgniter.php(312): CodeIgniter\CodeIgniter->handleRequest(NULL, Object(Config\Cache), false)
#4 D:\xampp\htdocs\mitienda\public\index.php(45): CodeIgniter\CodeIgniter->run()
#5 {main}
CRITICAL - 2020-10-26 20:12:36 --> syntax error, unexpected ';', expecting variable (T_VARIABLE)
#0 D:\xampp\htdocs\mitienda\system\Router\Router.php(195): CodeIgniter\Router\Router->autoRoute('Unidades')
#1 D:\xampp\htdocs\mitienda\system\CodeIgniter.php(793): CodeIgniter\Router\Router->handle('Unidades')
#2 D:\xampp\htdocs\mitienda\system\CodeIgniter.php(364): CodeIgniter\CodeIgniter->tryToRouteIt(Object(CodeIgniter\Router\RouteCollection))
#3 D:\xampp\htdocs\mitienda\system\CodeIgniter.php(312): CodeIgniter\CodeIgniter->handleRequest(NULL, Object(Config\Cache), false)
#4 D:\xampp\htdocs\mitienda\public\index.php(45): CodeIgniter\CodeIgniter->run()
#5 {main}
CRITICAL - 2020-10-26 20:12:37 --> syntax error, unexpected ';', expecting variable (T_VARIABLE)
#0 D:\xampp\htdocs\mitienda\system\Router\Router.php(195): CodeIgniter\Router\Router->autoRoute('Unidades')
#1 D:\xampp\htdocs\mitienda\system\CodeIgniter.php(793): CodeIgniter\Router\Router->handle('Unidades')
#2 D:\xampp\htdocs\mitienda\system\CodeIgniter.php(364): CodeIgniter\CodeIgniter->tryToRouteIt(Object(CodeIgniter\Router\RouteCollection))
#3 D:\xampp\htdocs\mitienda\system\CodeIgniter.php(312): CodeIgniter\CodeIgniter->handleRequest(NULL, Object(Config\Cache), false)
#4 D:\xampp\htdocs\mitienda\public\index.php(45): CodeIgniter\CodeIgniter->run()
#5 {main}
CRITICAL - 2020-10-26 20:12:39 --> syntax error, unexpected ';', expecting variable (T_VARIABLE)
#0 D:\xampp\htdocs\mitienda\system\Router\Router.php(195): CodeIgniter\Router\Router->autoRoute('Unidades')
#1 D:\xampp\htdocs\mitienda\system\CodeIgniter.php(793): CodeIgniter\Router\Router->handle('Unidades')
#2 D:\xampp\htdocs\mitienda\system\CodeIgniter.php(364): CodeIgniter\CodeIgniter->tryToRouteIt(Object(CodeIgniter\Router\RouteCollection))
#3 D:\xampp\htdocs\mitienda\system\CodeIgniter.php(312): CodeIgniter\CodeIgniter->handleRequest(NULL, Object(Config\Cache), false)
#4 D:\xampp\htdocs\mitienda\public\index.php(45): CodeIgniter\CodeIgniter->run()
#5 {main}
CRITICAL - 2020-10-26 20:12:39 --> syntax error, unexpected ';', expecting variable (T_VARIABLE)
#0 D:\xampp\htdocs\mitienda\system\Router\Router.php(195): CodeIgniter\Router\Router->autoRoute('Unidades')
#1 D:\xampp\htdocs\mitienda\system\CodeIgniter.php(793): CodeIgniter\Router\Router->handle('Unidades')
#2 D:\xampp\htdocs\mitienda\system\CodeIgniter.php(364): CodeIgniter\CodeIgniter->tryToRouteIt(Object(CodeIgniter\Router\RouteCollection))
#3 D:\xampp\htdocs\mitienda\system\CodeIgniter.php(312): CodeIgniter\CodeIgniter->handleRequest(NULL, Object(Config\Cache), false)
#4 D:\xampp\htdocs\mitienda\public\index.php(45): CodeIgniter\CodeIgniter->run()
#5 {main}
CRITICAL - 2020-10-26 20:12:39 --> syntax error, unexpected ';', expecting variable (T_VARIABLE)
#0 D:\xampp\htdocs\mitienda\system\Router\Router.php(195): CodeIgniter\Router\Router->autoRoute('Unidades')
#1 D:\xampp\htdocs\mitienda\system\CodeIgniter.php(793): CodeIgniter\Router\Router->handle('Unidades')
#2 D:\xampp\htdocs\mitienda\system\CodeIgniter.php(364): CodeIgniter\CodeIgniter->tryToRouteIt(Object(CodeIgniter\Router\RouteCollection))
#3 D:\xampp\htdocs\mitienda\system\CodeIgniter.php(312): CodeIgniter\CodeIgniter->handleRequest(NULL, Object(Config\Cache), false)
#4 D:\xampp\htdocs\mitienda\public\index.php(45): CodeIgniter\CodeIgniter->run()
#5 {main}
CRITICAL - 2020-10-26 20:12:39 --> syntax error, unexpected ';', expecting variable (T_VARIABLE)
#0 D:\xampp\htdocs\mitienda\system\Router\Router.php(195): CodeIgniter\Router\Router->autoRoute('Unidades')
#1 D:\xampp\htdocs\mitienda\system\CodeIgniter.php(793): CodeIgniter\Router\Router->handle('Unidades')
#2 D:\xampp\htdocs\mitienda\system\CodeIgniter.php(364): CodeIgniter\CodeIgniter->tryToRouteIt(Object(CodeIgniter\Router\RouteCollection))
#3 D:\xampp\htdocs\mitienda\system\CodeIgniter.php(312): CodeIgniter\CodeIgniter->handleRequest(NULL, Object(Config\Cache), false)
#4 D:\xampp\htdocs\mitienda\public\index.php(45): CodeIgniter\CodeIgniter->run()
#5 {main}
CRITICAL - 2020-10-26 20:12:39 --> syntax error, unexpected ';', expecting variable (T_VARIABLE)
#0 D:\xampp\htdocs\mitienda\system\Router\Router.php(195): CodeIgniter\Router\Router->autoRoute('Unidades')
#1 D:\xampp\htdocs\mitienda\system\CodeIgniter.php(793): CodeIgniter\Router\Router->handle('Unidades')
#2 D:\xampp\htdocs\mitienda\system\CodeIgniter.php(364): CodeIgniter\CodeIgniter->tryToRouteIt(Object(CodeIgniter\Router\RouteCollection))
#3 D:\xampp\htdocs\mitienda\system\CodeIgniter.php(312): CodeIgniter\CodeIgniter->handleRequest(NULL, Object(Config\Cache), false)
#4 D:\xampp\htdocs\mitienda\public\index.php(45): CodeIgniter\CodeIgniter->run()
#5 {main}
CRITICAL - 2020-10-26 20:12:40 --> syntax error, unexpected ';', expecting variable (T_VARIABLE)
#0 D:\xampp\htdocs\mitienda\system\Router\Router.php(195): CodeIgniter\Router\Router->autoRoute('Unidades')
#1 D:\xampp\htdocs\mitienda\system\CodeIgniter.php(793): CodeIgniter\Router\Router->handle('Unidades')
#2 D:\xampp\htdocs\mitienda\system\CodeIgniter.php(364): CodeIgniter\CodeIgniter->tryToRouteIt(Object(CodeIgniter\Router\RouteCollection))
#3 D:\xampp\htdocs\mitienda\system\CodeIgniter.php(312): CodeIgniter\CodeIgniter->handleRequest(NULL, Object(Config\Cache), false)
#4 D:\xampp\htdocs\mitienda\public\index.php(45): CodeIgniter\CodeIgniter->run()
#5 {main}
CRITICAL - 2020-10-26 20:14:36 --> syntax error, unexpected ';', expecting variable (T_VARIABLE)
#0 D:\xampp\htdocs\mitienda\system\Router\Router.php(195): CodeIgniter\Router\Router->autoRoute('Unidades')
#1 D:\xampp\htdocs\mitienda\system\CodeIgniter.php(793): CodeIgniter\Router\Router->handle('Unidades')
#2 D:\xampp\htdocs\mitienda\system\CodeIgniter.php(364): CodeIgniter\CodeIgniter->tryToRouteIt(Object(CodeIgniter\Router\RouteCollection))
#3 D:\xampp\htdocs\mitienda\system\CodeIgniter.php(312): CodeIgniter\CodeIgniter->handleRequest(NULL, Object(Config\Cache), false)
#4 D:\xampp\htdocs\mitienda\public\index.php(45): CodeIgniter\CodeIgniter->run()
#5 {main}
CRITICAL - 2020-10-26 20:14:37 --> syntax error, unexpected ';', expecting variable (T_VARIABLE)
#0 D:\xampp\htdocs\mitienda\system\Router\Router.php(195): CodeIgniter\Router\Router->autoRoute('Unidades')
#1 D:\xampp\htdocs\mitienda\system\CodeIgniter.php(793): CodeIgniter\Router\Router->handle('Unidades')
#2 D:\xampp\htdocs\mitienda\system\CodeIgniter.php(364): CodeIgniter\CodeIgniter->tryToRouteIt(Object(CodeIgniter\Router\RouteCollection))
#3 D:\xampp\htdocs\mitienda\system\CodeIgniter.php(312): CodeIgniter\CodeIgniter->handleRequest(NULL, Object(Config\Cache), false)
#4 D:\xampp\htdocs\mitienda\public\index.php(45): CodeIgniter\CodeIgniter->run()
#5 {main}
CRITICAL - 2020-10-26 20:15:08 --> syntax error, unexpected ';', expecting variable (T_VARIABLE)
#0 D:\xampp\htdocs\mitienda\system\Router\Router.php(195): CodeIgniter\Router\Router->autoRoute('Unidades')
#1 D:\xampp\htdocs\mitienda\system\CodeIgniter.php(793): CodeIgniter\Router\Router->handle('Unidades')
#2 D:\xampp\htdocs\mitienda\system\CodeIgniter.php(364): CodeIgniter\CodeIgniter->tryToRouteIt(Object(CodeIgniter\Router\RouteCollection))
#3 D:\xampp\htdocs\mitienda\system\CodeIgniter.php(312): CodeIgniter\CodeIgniter->handleRequest(NULL, Object(Config\Cache), false)
#4 D:\xampp\htdocs\mitienda\public\index.php(45): CodeIgniter\CodeIgniter->run()
#5 {main}
CRITICAL - 2020-10-26 20:15:08 --> syntax error, unexpected ';', expecting variable (T_VARIABLE)
#0 D:\xampp\htdocs\mitienda\system\Router\Router.php(195): CodeIgniter\Router\Router->autoRoute('Unidades')
#1 D:\xampp\htdocs\mitienda\system\CodeIgniter.php(793): CodeIgniter\Router\Router->handle('Unidades')
#2 D:\xampp\htdocs\mitienda\system\CodeIgniter.php(364): CodeIgniter\CodeIgniter->tryToRouteIt(Object(CodeIgniter\Router\RouteCollection))
#3 D:\xampp\htdocs\mitienda\system\CodeIgniter.php(312): CodeIgniter\CodeIgniter->handleRequest(NULL, Object(Config\Cache), false)
#4 D:\xampp\htdocs\mitienda\public\index.php(45): CodeIgniter\CodeIgniter->run()
#5 {main}
CRITICAL - 2020-10-26 20:15:09 --> syntax error, unexpected ';', expecting variable (T_VARIABLE)
#0 D:\xampp\htdocs\mitienda\system\Router\Router.php(195): CodeIgniter\Router\Router->autoRoute('Unidades')
#1 D:\xampp\htdocs\mitienda\system\CodeIgniter.php(793): CodeIgniter\Router\Router->handle('Unidades')
#2 D:\xampp\htdocs\mitienda\system\CodeIgniter.php(364): CodeIgniter\CodeIgniter->tryToRouteIt(Object(CodeIgniter\Router\RouteCollection))
#3 D:\xampp\htdocs\mitienda\system\CodeIgniter.php(312): CodeIgniter\CodeIgniter->handleRequest(NULL, Object(Config\Cache), false)
#4 D:\xampp\htdocs\mitienda\public\index.php(45): CodeIgniter\CodeIgniter->run()
#5 {main}
CRITICAL - 2020-10-26 20:15:09 --> syntax error, unexpected ';', expecting variable (T_VARIABLE)
#0 D:\xampp\htdocs\mitienda\system\Router\Router.php(195): CodeIgniter\Router\Router->autoRoute('Unidades')
#1 D:\xampp\htdocs\mitienda\system\CodeIgniter.php(793): CodeIgniter\Router\Router->handle('Unidades')
#2 D:\xampp\htdocs\mitienda\system\CodeIgniter.php(364): CodeIgniter\CodeIgniter->tryToRouteIt(Object(CodeIgniter\Router\RouteCollection))
#3 D:\xampp\htdocs\mitienda\system\CodeIgniter.php(312): CodeIgniter\CodeIgniter->handleRequest(NULL, Object(Config\Cache), false)
#4 D:\xampp\htdocs\mitienda\public\index.php(45): CodeIgniter\CodeIgniter->run()
#5 {main}
CRITICAL - 2020-10-26 20:15:09 --> syntax error, unexpected ';', expecting variable (T_VARIABLE)
#0 D:\xampp\htdocs\mitienda\system\Router\Router.php(195): CodeIgniter\Router\Router->autoRoute('Unidades')
#1 D:\xampp\htdocs\mitienda\system\CodeIgniter.php(793): CodeIgniter\Router\Router->handle('Unidades')
#2 D:\xampp\htdocs\mitienda\system\CodeIgniter.php(364): CodeIgniter\CodeIgniter->tryToRouteIt(Object(CodeIgniter\Router\RouteCollection))
#3 D:\xampp\htdocs\mitienda\system\CodeIgniter.php(312): CodeIgniter\CodeIgniter->handleRequest(NULL, Object(Config\Cache), false)
#4 D:\xampp\htdocs\mitienda\public\index.php(45): CodeIgniter\CodeIgniter->run()
#5 {main}
